<?xml version="1.0" encoding="UTF-8"?>
<!-- Generated by org.testng.reporters.JUnitReportReporter -->
<testsuite skipped="0" hostname="LAPTOP-E8V8CURT" name="test.SampleTest" tests="2" failures="0" timestamp="2021-06-03T22:10:03 EDT" time="6.238" errors="0">
  <testcase name="test" time="6.238" classname="test.SampleTest"/>
  <system-out/>
  <testcase name="repoOne" time="0.000" classname="test.SampleTest"/>
  <system-out/>
</testsuite> <!-- test.SampleTest -->
