<?xml version="1.0" encoding="UTF-8"?>
<!-- Generated by org.testng.reporters.JUnitReportReporter -->
<testsuite skipped="0" hostname="LAPTOP-E8V8CURT" name="test.RemoteTest" tests="1" failures="0" timestamp="2021-06-03T22:10:03 EDT" time="9.375" errors="0">
  <testcase name="test" time="9.375" classname="test.RemoteTest"/>
  <system-out/>
</testsuite> <!-- test.RemoteTest -->
